{"level":"info","message":"Razorpay instance initialized.","service":"budzee-gaming","timestamp":"2025-08-05 20:14:55"}
{"level":"info","message":"Database configuration loaded","service":"budzee-gaming","timestamp":"2025-08-05 20:14:55"}
{"level":"info","message":"🚀 Fast matchmaking started - checking every 5000ms","service":"budzee-gaming","timestamp":"2025-08-05 20:14:55"}
{"level":"info","message":"✅ FastMatchmakingService initialized successfully","service":"budzee-gaming","timestamp":"2025-08-05 20:14:55"}
{"level":"info","message":"Matchmaking service initialized","service":"budzee-gaming","timestamp":"2025-08-05 20:14:55"}
{"level":"info","message":"GameStateManager initialized successfully with 8 active games","service":"budzee-gaming","timestamp":"2025-08-05 20:14:57"}
{"level":"info","message":"Game state manager initialized","service":"budzee-gaming","timestamp":"2025-08-05 20:14:57"}
{"level":"info","message":"Firebase Admin SDK initialized successfully","service":"budzee-gaming","timestamp":"2025-08-05 20:14:57"}
{"level":"info","message":"Push Notification Service initialized","service":"budzee-gaming","timestamp":"2025-08-05 20:14:57"}
{"level":"info","message":"Push notification service initialized","service":"budzee-gaming","timestamp":"2025-08-05 20:14:57"}
{"level":"info","message":"Bot service will initialize on demand","service":"budzee-gaming","timestamp":"2025-08-05 20:14:57"}
{"level":"info","message":"Advanced bot system initialized with 50% win rate balancing","service":"budzee-gaming","timestamp":"2025-08-05 20:14:57"}
{"level":"info","message":"Server running on port 8080","service":"budzee-gaming","timestamp":"2025-08-05 20:14:57"}
{"level":"info","message":"Health check: http://localhost:8080/health","service":"budzee-gaming","timestamp":"2025-08-05 20:14:57"}
{"level":"info","message":"Environment: production","service":"budzee-gaming","timestamp":"2025-08-05 20:14:57"}
{"level":"info","message":"Rate limiting enabled for socket events","service":"budzee-gaming","timestamp":"2025-08-05 20:14:57"}
{"level":"info","message":"🔄 Processing fast matchmaking...","service":"budzee-gaming","timestamp":"2025-08-05 20:15:00"}
{"level":"info","message":"🔄 Processing fast matchmaking...","service":"budzee-gaming","timestamp":"2025-08-05 20:15:05"}
{"level":"info","message":"🔄 Processing fast matchmaking...","service":"budzee-gaming","timestamp":"2025-08-05 20:15:10"}
{"level":"info","message":"🔄 Processing fast matchmaking...","service":"budzee-gaming","timestamp":"2025-08-05 20:15:15"}
{"level":"info","message":"🔄 Processing fast matchmaking...","service":"budzee-gaming","timestamp":"2025-08-05 20:15:20"}
{"level":"info","message":"🔄 Processing fast matchmaking...","service":"budzee-gaming","timestamp":"2025-08-05 20:15:25"}
{"level":"info","message":"🔄 Processing fast matchmaking...","service":"budzee-gaming","timestamp":"2025-08-05 20:15:30"}
{"level":"info","message":"🔄 Processing fast matchmaking...","service":"budzee-gaming","timestamp":"2025-08-05 20:15:35"}
{"level":"info","message":"🔄 Processing fast matchmaking...","service":"budzee-gaming","timestamp":"2025-08-05 20:15:40"}
{"level":"info","message":"🔄 Processing fast matchmaking...","service":"budzee-gaming","timestamp":"2025-08-05 20:15:45"}
{"level":"info","message":"🔄 Processing fast matchmaking...","service":"budzee-gaming","timestamp":"2025-08-05 20:15:50"}
{"level":"info","message":"🔄 Processing fast matchmaking...","service":"budzee-gaming","timestamp":"2025-08-05 20:15:56"}
{"level":"info","message":"🔄 Processing fast matchmaking...","service":"budzee-gaming","timestamp":"2025-08-05 20:16:01"}
{"level":"info","message":"🔄 Processing fast matchmaking...","service":"budzee-gaming","timestamp":"2025-08-05 20:16:06"}
{"level":"info","message":"🔄 Processing fast matchmaking...","service":"budzee-gaming","timestamp":"2025-08-05 20:16:11"}
{"level":"info","message":"🔄 Processing fast matchmaking...","service":"budzee-gaming","timestamp":"2025-08-05 20:16:16"}
{"level":"info","message":"🔄 Processing fast matchmaking...","service":"budzee-gaming","timestamp":"2025-08-05 20:16:21"}
{"level":"info","message":"🔄 Processing fast matchmaking...","service":"budzee-gaming","timestamp":"2025-08-05 20:16:26"}
{"level":"info","message":"🔄 Processing fast matchmaking...","service":"budzee-gaming","timestamp":"2025-08-05 20:16:31"}
{"level":"info","message":"🔄 Processing fast matchmaking...","service":"budzee-gaming","timestamp":"2025-08-05 20:16:36"}
{"level":"info","message":"🔄 Processing fast matchmaking...","service":"budzee-gaming","timestamp":"2025-08-05 20:16:41"}
{"level":"info","message":"🔄 Processing fast matchmaking...","service":"budzee-gaming","timestamp":"2025-08-05 20:16:46"}
{"level":"info","message":"🔄 Processing fast matchmaking...","service":"budzee-gaming","timestamp":"2025-08-05 20:16:51"}
{"level":"info","message":"Cleaned up 0 inactive bots","service":"budzee-gaming","timestamp":"2025-08-05 20:16:56"}
{"level":"info","message":"🔄 Processing fast matchmaking...","service":"budzee-gaming","timestamp":"2025-08-05 20:16:56"}
{"level":"info","message":"🤖 Bot Status - Available: 15, Total: 17, Minimum Required: 10","service":"budzee-gaming","timestamp":"2025-08-05 20:16:56"}
{"level":"info","message":"🤖 Sufficient bots available (15/10)","service":"budzee-gaming","timestamp":"2025-08-05 20:16:56"}
{"level":"info","message":"🔄 Processing fast matchmaking...","service":"budzee-gaming","timestamp":"2025-08-05 20:17:01"}
{"level":"info","message":"🔄 Processing fast matchmaking...","service":"budzee-gaming","timestamp":"2025-08-05 20:17:06"}
{"level":"info","message":"🔄 Processing fast matchmaking...","service":"budzee-gaming","timestamp":"2025-08-05 20:17:11"}
{"level":"info","message":"🔄 Processing fast matchmaking...","service":"budzee-gaming","timestamp":"2025-08-05 20:17:16"}
{"level":"info","message":"🔄 Processing fast matchmaking...","service":"budzee-gaming","timestamp":"2025-08-05 20:17:21"}
{"level":"info","message":"🔄 Processing fast matchmaking...","service":"budzee-gaming","timestamp":"2025-08-05 20:17:26"}
{"level":"info","message":"🔄 Processing fast matchmaking...","service":"budzee-gaming","timestamp":"2025-08-05 20:17:31"}
{"level":"info","message":"🔄 Processing fast matchmaking...","service":"budzee-gaming","timestamp":"2025-08-05 20:17:36"}
{"level":"info","message":"🔄 Processing fast matchmaking...","service":"budzee-gaming","timestamp":"2025-08-05 20:17:41"}
{"level":"info","message":"🔄 Processing fast matchmaking...","service":"budzee-gaming","timestamp":"2025-08-05 20:17:46"}
{"level":"info","message":"🔄 Processing fast matchmaking...","service":"budzee-gaming","timestamp":"2025-08-05 20:17:51"}
{"level":"info","message":"🔄 Processing fast matchmaking...","service":"budzee-gaming","timestamp":"2025-08-05 20:17:56"}
{"level":"info","message":"🔄 Processing fast matchmaking...","service":"budzee-gaming","timestamp":"2025-08-05 20:18:01"}
{"level":"info","message":"🔄 Processing fast matchmaking...","service":"budzee-gaming","timestamp":"2025-08-05 20:18:06"}
{"level":"info","message":"🔄 Processing fast matchmaking...","service":"budzee-gaming","timestamp":"2025-08-05 20:18:11"}
{"level":"error","message":"Database connection failed during matchmaking:","service":"budzee-gaming","timestamp":"2025-08-05 20:18:11"}
{"level":"info","message":"🔄 Processing fast matchmaking...","service":"budzee-gaming","timestamp":"2025-08-05 20:18:16"}
{"level":"info","message":"🔄 Processing fast matchmaking...","service":"budzee-gaming","timestamp":"2025-08-05 20:18:21"}
{"level":"info","message":"🔄 Processing fast matchmaking...","service":"budzee-gaming","timestamp":"2025-08-05 20:18:26"}
{"level":"info","message":"🔄 Processing fast matchmaking...","service":"budzee-gaming","timestamp":"2025-08-05 20:18:31"}
{"level":"info","message":"🔄 Processing fast matchmaking...","service":"budzee-gaming","timestamp":"2025-08-05 20:18:36"}
{"level":"info","message":"🔄 Processing fast matchmaking...","service":"budzee-gaming","timestamp":"2025-08-05 20:18:41"}
{"level":"info","message":"🔄 Processing fast matchmaking...","service":"budzee-gaming","timestamp":"2025-08-05 20:18:46"}
{"level":"info","message":"🔄 Processing fast matchmaking...","service":"budzee-gaming","timestamp":"2025-08-05 20:18:51"}
{"level":"info","message":"Cleaned up 0 inactive bots","service":"budzee-gaming","timestamp":"2025-08-05 20:18:56"}
{"level":"info","message":"🔄 Processing fast matchmaking...","service":"budzee-gaming","timestamp":"2025-08-05 20:18:56"}
{"level":"info","message":"🤖 Bot Status - Available: 15, Total: 17, Minimum Required: 10","service":"budzee-gaming","timestamp":"2025-08-05 20:18:57"}
{"level":"info","message":"🤖 Sufficient bots available (15/10)","service":"budzee-gaming","timestamp":"2025-08-05 20:18:57"}
{"level":"info","message":"🔄 Processing fast matchmaking...","service":"budzee-gaming","timestamp":"2025-08-05 20:19:01"}
{"level":"info","message":"🔄 Processing fast matchmaking...","service":"budzee-gaming","timestamp":"2025-08-05 20:19:06"}
{"level":"info","message":"🔄 Processing fast matchmaking...","service":"budzee-gaming","timestamp":"2025-08-05 20:19:11"}
{"level":"error","message":"Database connection failed during matchmaking:","service":"budzee-gaming","timestamp":"2025-08-05 20:19:42"}
{"level":"info","message":"🔄 Processing fast matchmaking...","service":"budzee-gaming","timestamp":"2025-08-05 20:19:46"}
{"level":"info","message":"🤖 Bot Health Check - Total: 17, Available: 14, Tracked: 0","service":"budzee-gaming","timestamp":"2025-08-05 20:19:58"}
{"level":"info","message":"🔄 Processing fast matchmaking...","service":"budzee-gaming","timestamp":"2025-08-05 20:20:11"}
{"level":"info","message":"🔄 Processing fast matchmaking...","service":"budzee-gaming","timestamp":"2025-08-05 20:20:16"}
{"level":"info","message":"🔄 Processing fast matchmaking...","service":"budzee-gaming","timestamp":"2025-08-05 20:20:21"}
{"level":"info","message":"🔄 Processing fast matchmaking...","service":"budzee-gaming","timestamp":"2025-08-05 20:20:26"}
{"level":"info","message":"🔄 Processing fast matchmaking...","service":"budzee-gaming","timestamp":"2025-08-05 20:20:31"}
{"level":"info","message":"🔄 Processing fast matchmaking...","service":"budzee-gaming","timestamp":"2025-08-05 20:20:36"}
{"level":"info","message":"🔄 Processing fast matchmaking...","service":"budzee-gaming","timestamp":"2025-08-05 20:20:41"}
{"level":"info","message":"🔄 Processing fast matchmaking...","service":"budzee-gaming","timestamp":"2025-08-05 20:20:46"}
{"level":"info","message":"🔄 Processing fast matchmaking...","service":"budzee-gaming","timestamp":"2025-08-05 20:20:51"}
{"level":"info","message":"🔄 Processing fast matchmaking...","service":"budzee-gaming","timestamp":"2025-08-05 20:20:56"}
{"level":"info","message":"Cleaned up 0 inactive bots","service":"budzee-gaming","timestamp":"2025-08-05 20:20:57"}
{"level":"info","message":"🤖 Bot Status - Available: 14, Total: 17, Minimum Required: 10","service":"budzee-gaming","timestamp":"2025-08-05 20:20:57"}
{"level":"info","message":"🤖 Sufficient bots available (14/10)","service":"budzee-gaming","timestamp":"2025-08-05 20:20:57"}
{"level":"info","message":"🔄 Processing fast matchmaking...","service":"budzee-gaming","timestamp":"2025-08-05 20:21:01"}
{"level":"info","message":"🔄 Processing fast matchmaking...","service":"budzee-gaming","timestamp":"2025-08-05 20:21:06"}
{"level":"info","message":"🔄 Processing fast matchmaking...","service":"budzee-gaming","timestamp":"2025-08-05 20:21:11"}
{"level":"info","message":"🔄 Processing fast matchmaking...","service":"budzee-gaming","timestamp":"2025-08-05 20:21:16"}
{"level":"info","message":"🔄 Processing fast matchmaking...","service":"budzee-gaming","timestamp":"2025-08-05 20:21:21"}
{"level":"info","message":"🔄 Processing fast matchmaking...","service":"budzee-gaming","timestamp":"2025-08-05 20:21:26"}
{"level":"info","message":"🔄 Processing fast matchmaking...","service":"budzee-gaming","timestamp":"2025-08-05 20:21:31"}
{"level":"info","message":"🔄 Processing fast matchmaking...","service":"budzee-gaming","timestamp":"2025-08-05 20:21:36"}
{"level":"info","message":"🔄 Processing fast matchmaking...","service":"budzee-gaming","timestamp":"2025-08-05 20:21:41"}
{"level":"info","message":"Received SIGINT. Shutting down gracefully...","service":"budzee-gaming","timestamp":"2025-08-05 20:21:42"}
{"level":"info","message":"Razorpay instance initialized.","service":"budzee-gaming","timestamp":"2025-08-05 20:21:48"}
{"level":"info","message":"Database configuration loaded","service":"budzee-gaming","timestamp":"2025-08-05 20:21:49"}
{"level":"info","message":"🚀 Fast matchmaking started - checking every 5000ms","service":"budzee-gaming","timestamp":"2025-08-05 20:21:49"}
{"level":"info","message":"✅ FastMatchmakingService initialized successfully","service":"budzee-gaming","timestamp":"2025-08-05 20:21:49"}
{"level":"info","message":"Matchmaking service initialized","service":"budzee-gaming","timestamp":"2025-08-05 20:21:49"}
{"level":"info","message":"GameStateManager initialized successfully with 9 active games","service":"budzee-gaming","timestamp":"2025-08-05 20:21:53"}
{"level":"info","message":"Game state manager initialized","service":"budzee-gaming","timestamp":"2025-08-05 20:21:53"}
{"level":"info","message":"Firebase Admin SDK initialized successfully","service":"budzee-gaming","timestamp":"2025-08-05 20:21:53"}
{"level":"info","message":"Push Notification Service initialized","service":"budzee-gaming","timestamp":"2025-08-05 20:21:53"}
{"level":"info","message":"Push notification service initialized","service":"budzee-gaming","timestamp":"2025-08-05 20:21:53"}
{"level":"info","message":"Bot service will initialize on demand","service":"budzee-gaming","timestamp":"2025-08-05 20:21:53"}
{"level":"info","message":"Advanced bot system initialized with 50% win rate balancing","service":"budzee-gaming","timestamp":"2025-08-05 20:21:53"}
{"level":"info","message":"Server running on port 8080","service":"budzee-gaming","timestamp":"2025-08-05 20:21:53"}
{"level":"info","message":"Health check: http://localhost:8080/health","service":"budzee-gaming","timestamp":"2025-08-05 20:21:53"}
{"level":"info","message":"Environment: production","service":"budzee-gaming","timestamp":"2025-08-05 20:21:53"}
{"level":"info","message":"Rate limiting enabled for socket events","service":"budzee-gaming","timestamp":"2025-08-05 20:21:53"}
{"level":"info","message":"🔄 Processing fast matchmaking...","service":"budzee-gaming","timestamp":"2025-08-05 20:21:54"}
{"level":"info","message":"🔄 Processing fast matchmaking...","service":"budzee-gaming","timestamp":"2025-08-05 20:21:59"}
{"level":"info","message":"🔄 Processing fast matchmaking...","service":"budzee-gaming","timestamp":"2025-08-05 20:22:04"}
{"level":"info","message":"🔄 Processing fast matchmaking...","service":"budzee-gaming","timestamp":"2025-08-05 20:22:09"}
{"level":"info","message":"🔄 Processing fast matchmaking...","service":"budzee-gaming","timestamp":"2025-08-05 20:22:14"}
{"level":"info","message":"🔄 Processing fast matchmaking...","service":"budzee-gaming","timestamp":"2025-08-05 20:22:19"}
{"level":"info","message":"🔄 Processing fast matchmaking...","service":"budzee-gaming","timestamp":"2025-08-05 20:22:24"}
{"level":"info","message":"🔄 Processing fast matchmaking...","service":"budzee-gaming","timestamp":"2025-08-05 20:22:29"}
{"level":"info","message":"🔄 Processing fast matchmaking...","service":"budzee-gaming","timestamp":"2025-08-05 20:22:34"}
{"level":"info","message":"🔄 Processing fast matchmaking...","service":"budzee-gaming","timestamp":"2025-08-05 20:22:39"}
{"level":"info","message":"🔄 Processing fast matchmaking...","service":"budzee-gaming","timestamp":"2025-08-05 20:22:44"}
{"level":"info","message":"🔄 Processing fast matchmaking...","service":"budzee-gaming","timestamp":"2025-08-05 20:22:49"}
{"level":"info","message":"🔄 Processing fast matchmaking...","service":"budzee-gaming","timestamp":"2025-08-05 20:22:54"}
{"level":"info","message":"🔄 Processing fast matchmaking...","service":"budzee-gaming","timestamp":"2025-08-05 20:22:59"}
{"level":"info","message":"🔄 Processing fast matchmaking...","service":"budzee-gaming","timestamp":"2025-08-05 20:23:04"}
{"level":"info","message":"🔄 Processing fast matchmaking...","service":"budzee-gaming","timestamp":"2025-08-05 20:23:09"}
{"level":"info","message":"🔄 Processing fast matchmaking...","service":"budzee-gaming","timestamp":"2025-08-05 20:23:14"}
{"level":"info","message":"🔄 Processing fast matchmaking...","service":"budzee-gaming","timestamp":"2025-08-05 20:23:19"}
{"level":"info","message":"🔄 Processing fast matchmaking...","service":"budzee-gaming","timestamp":"2025-08-05 20:23:24"}
{"level":"info","message":"🔄 Processing fast matchmaking...","service":"budzee-gaming","timestamp":"2025-08-05 20:23:29"}
{"level":"info","message":"🔄 Processing fast matchmaking...","service":"budzee-gaming","timestamp":"2025-08-05 20:23:34"}
{"level":"info","message":"🔄 Processing fast matchmaking...","service":"budzee-gaming","timestamp":"2025-08-05 20:23:39"}
{"level":"info","message":"🔄 Processing fast matchmaking...","service":"budzee-gaming","timestamp":"2025-08-05 20:23:44"}
{"level":"info","message":"🔄 Processing fast matchmaking...","service":"budzee-gaming","timestamp":"2025-08-05 20:23:49"}
{"level":"info","message":"Cleaned up 0 inactive bots","service":"budzee-gaming","timestamp":"2025-08-05 20:23:49"}
{"level":"info","message":"🤖 Bot Status - Available: 14, Total: 17, Minimum Required: 10","service":"budzee-gaming","timestamp":"2025-08-05 20:23:50"}
{"level":"info","message":"🤖 Sufficient bots available (14/10)","service":"budzee-gaming","timestamp":"2025-08-05 20:23:50"}
{"level":"info","message":"🔄 Processing fast matchmaking...","service":"budzee-gaming","timestamp":"2025-08-05 20:23:54"}
{"level":"info","message":"🔄 Processing fast matchmaking...","service":"budzee-gaming","timestamp":"2025-08-05 20:23:59"}
{"level":"info","message":"🔄 Processing fast matchmaking...","service":"budzee-gaming","timestamp":"2025-08-05 20:24:04"}
{"level":"info","message":"🔄 Processing fast matchmaking...","service":"budzee-gaming","timestamp":"2025-08-05 20:24:09"}
{"level":"info","message":"🔄 Processing fast matchmaking...","service":"budzee-gaming","timestamp":"2025-08-05 20:24:14"}
{"level":"info","message":"🔄 Processing fast matchmaking...","service":"budzee-gaming","timestamp":"2025-08-05 20:24:19"}
{"level":"info","message":"🔄 Processing fast matchmaking...","service":"budzee-gaming","timestamp":"2025-08-05 20:24:24"}
{"level":"info","message":"🔄 Processing fast matchmaking...","service":"budzee-gaming","timestamp":"2025-08-05 20:24:29"}
{"level":"info","message":"🔄 Processing fast matchmaking...","service":"budzee-gaming","timestamp":"2025-08-05 20:24:34"}
{"level":"info","message":"🔄 Processing fast matchmaking...","service":"budzee-gaming","timestamp":"2025-08-05 20:24:39"}
{"level":"info","message":"🔄 Processing fast matchmaking...","service":"budzee-gaming","timestamp":"2025-08-05 20:24:44"}
{"level":"info","message":"🔄 Processing fast matchmaking...","service":"budzee-gaming","timestamp":"2025-08-05 20:24:49"}
{"level":"info","message":"🔄 Processing fast matchmaking...","service":"budzee-gaming","timestamp":"2025-08-05 20:24:54"}
{"level":"info","message":"🔄 Processing fast matchmaking...","service":"budzee-gaming","timestamp":"2025-08-05 20:24:59"}
{"level":"info","message":"🔄 Processing fast matchmaking...","service":"budzee-gaming","timestamp":"2025-08-05 20:25:04"}
{"level":"info","message":"🔄 Processing fast matchmaking...","service":"budzee-gaming","timestamp":"2025-08-05 20:25:09"}
{"level":"info","message":"🔄 Processing fast matchmaking...","service":"budzee-gaming","timestamp":"2025-08-05 20:25:14"}
{"level":"info","message":"🔄 Processing fast matchmaking...","service":"budzee-gaming","timestamp":"2025-08-05 20:25:19"}
{"level":"info","message":"🔄 Processing fast matchmaking...","service":"budzee-gaming","timestamp":"2025-08-05 20:25:24"}
{"level":"info","message":"🔄 Processing fast matchmaking...","service":"budzee-gaming","timestamp":"2025-08-05 20:25:29"}
{"level":"info","message":"🔄 Processing fast matchmaking...","service":"budzee-gaming","timestamp":"2025-08-05 20:25:34"}
{"level":"info","message":"🔄 Processing fast matchmaking...","service":"budzee-gaming","timestamp":"2025-08-05 20:25:39"}
{"level":"info","message":"🔄 Processing fast matchmaking...","service":"budzee-gaming","timestamp":"2025-08-05 20:25:44"}
{"level":"info","message":"Cleaned up 0 inactive bots","service":"budzee-gaming","timestamp":"2025-08-05 20:25:49"}
{"level":"info","message":"🔄 Processing fast matchmaking...","service":"budzee-gaming","timestamp":"2025-08-05 20:25:49"}
{"level":"info","message":"🤖 Bot Status - Available: 14, Total: 17, Minimum Required: 10","service":"budzee-gaming","timestamp":"2025-08-05 20:25:49"}
{"level":"info","message":"🤖 Sufficient bots available (14/10)","service":"budzee-gaming","timestamp":"2025-08-05 20:25:49"}
{"level":"info","message":"🔄 Processing fast matchmaking...","service":"budzee-gaming","timestamp":"2025-08-05 20:25:54"}
{"level":"info","message":"🔄 Processing fast matchmaking...","service":"budzee-gaming","timestamp":"2025-08-05 20:25:59"}
{"level":"info","message":"🔄 Processing fast matchmaking...","service":"budzee-gaming","timestamp":"2025-08-05 20:26:04"}
{"level":"info","message":"🔄 Processing fast matchmaking...","service":"budzee-gaming","timestamp":"2025-08-05 20:26:09"}
{"level":"info","message":"🔄 Processing fast matchmaking...","service":"budzee-gaming","timestamp":"2025-08-05 20:26:14"}
{"level":"info","message":"🔄 Processing fast matchmaking...","service":"budzee-gaming","timestamp":"2025-08-05 20:26:19"}
{"level":"info","message":"🔄 Processing fast matchmaking...","service":"budzee-gaming","timestamp":"2025-08-05 20:26:24"}
{"level":"info","message":"🔄 Processing fast matchmaking...","service":"budzee-gaming","timestamp":"2025-08-05 20:26:29"}
{"level":"info","message":"🔄 Processing fast matchmaking...","service":"budzee-gaming","timestamp":"2025-08-05 20:26:34"}
{"level":"info","message":"🔄 Processing fast matchmaking...","service":"budzee-gaming","timestamp":"2025-08-05 20:26:39"}
{"level":"info","message":"🔄 Processing fast matchmaking...","service":"budzee-gaming","timestamp":"2025-08-05 20:26:44"}
{"level":"info","message":"🤖 Bot Health Check - Total: 17, Available: 14, Tracked: 0","service":"budzee-gaming","timestamp":"2025-08-05 20:26:49"}
{"level":"info","message":"🔄 Processing fast matchmaking...","service":"budzee-gaming","timestamp":"2025-08-05 20:26:49"}
{"level":"info","message":"🔄 Processing fast matchmaking...","service":"budzee-gaming","timestamp":"2025-08-05 20:26:54"}
{"level":"info","message":"🔄 Processing fast matchmaking...","service":"budzee-gaming","timestamp":"2025-08-05 20:27:00"}
{"level":"info","message":"🔄 Processing fast matchmaking...","service":"budzee-gaming","timestamp":"2025-08-05 20:27:05"}
{"level":"info","message":"🔄 Processing fast matchmaking...","service":"budzee-gaming","timestamp":"2025-08-05 20:27:10"}
{"level":"info","message":"🔄 Processing fast matchmaking...","service":"budzee-gaming","timestamp":"2025-08-05 20:27:15"}
{"level":"info","message":"🔄 Processing fast matchmaking...","service":"budzee-gaming","timestamp":"2025-08-05 20:27:20"}
{"level":"info","message":"🔄 Processing fast matchmaking...","service":"budzee-gaming","timestamp":"2025-08-05 20:27:25"}
{"level":"info","message":"🔄 Processing fast matchmaking...","service":"budzee-gaming","timestamp":"2025-08-05 20:27:30"}
{"level":"info","message":"🔄 Processing fast matchmaking...","service":"budzee-gaming","timestamp":"2025-08-05 20:27:35"}
{"level":"error","message":"Database connection failed during matchmaking:","service":"budzee-gaming","timestamp":"2025-08-05 20:27:37"}
{"level":"info","message":"🔄 Processing fast matchmaking...","service":"budzee-gaming","timestamp":"2025-08-05 20:27:40"}
{"level":"info","message":"Cleaned up 0 inactive bots","service":"budzee-gaming","timestamp":"2025-08-05 20:27:52"}
{"level":"info","message":"🤖 Bot Status - Available: 14, Total: 17, Minimum Required: 10","service":"budzee-gaming","timestamp":"2025-08-05 20:27:53"}
{"level":"info","message":"🤖 Sufficient bots available (14/10)","service":"budzee-gaming","timestamp":"2025-08-05 20:27:53"}
{"level":"info","message":"🔄 Processing fast matchmaking...","service":"budzee-gaming","timestamp":"2025-08-05 20:27:55"}
{"level":"info","message":"🔄 Processing fast matchmaking...","service":"budzee-gaming","timestamp":"2025-08-05 20:28:00"}
{"level":"info","message":"🔄 Processing fast matchmaking...","service":"budzee-gaming","timestamp":"2025-08-05 20:28:05"}
{"level":"info","message":"🔄 Processing fast matchmaking...","service":"budzee-gaming","timestamp":"2025-08-05 20:28:15"}
{"level":"info","message":"🔄 Processing fast matchmaking...","service":"budzee-gaming","timestamp":"2025-08-05 20:28:20"}
{"level":"info","message":"🔄 Processing fast matchmaking...","service":"budzee-gaming","timestamp":"2025-08-05 20:28:25"}
{"level":"info","message":"🔄 Processing fast matchmaking...","service":"budzee-gaming","timestamp":"2025-08-05 20:28:30"}
{"level":"info","message":"🔄 Processing fast matchmaking...","service":"budzee-gaming","timestamp":"2025-08-05 20:28:35"}
{"level":"info","message":"🔄 Processing fast matchmaking...","service":"budzee-gaming","timestamp":"2025-08-05 20:28:40"}
{"level":"info","message":"🔄 Processing fast matchmaking...","service":"budzee-gaming","timestamp":"2025-08-05 20:28:45"}
{"level":"info","message":"🔄 Processing fast matchmaking...","service":"budzee-gaming","timestamp":"2025-08-05 20:28:50"}
{"level":"info","message":"🔄 Processing fast matchmaking...","service":"budzee-gaming","timestamp":"2025-08-05 20:28:55"}
{"level":"info","message":"🔄 Processing fast matchmaking...","service":"budzee-gaming","timestamp":"2025-08-05 20:29:00"}
{"level":"info","message":"🔄 Processing fast matchmaking...","service":"budzee-gaming","timestamp":"2025-08-05 20:29:05"}
{"level":"info","message":"🔄 Processing fast matchmaking...","service":"budzee-gaming","timestamp":"2025-08-05 20:29:10"}
{"level":"info","message":"🔄 Processing fast matchmaking...","service":"budzee-gaming","timestamp":"2025-08-05 20:29:15"}
{"level":"info","message":"🔄 Processing fast matchmaking...","service":"budzee-gaming","timestamp":"2025-08-05 20:29:20"}
{"level":"info","message":"🔄 Processing fast matchmaking...","service":"budzee-gaming","timestamp":"2025-08-05 20:29:25"}
{"level":"info","message":"🔄 Processing fast matchmaking...","service":"budzee-gaming","timestamp":"2025-08-05 20:29:30"}
{"level":"info","message":"🔄 Processing fast matchmaking...","service":"budzee-gaming","timestamp":"2025-08-05 20:29:35"}
{"level":"info","message":"🔄 Processing fast matchmaking...","service":"budzee-gaming","timestamp":"2025-08-05 20:29:40"}
{"level":"info","message":"🔄 Processing fast matchmaking...","service":"budzee-gaming","timestamp":"2025-08-05 20:29:45"}
{"level":"info","message":"🔄 Processing fast matchmaking...","service":"budzee-gaming","timestamp":"2025-08-05 20:29:50"}
{"level":"info","message":"Cleaned up 0 inactive bots","service":"budzee-gaming","timestamp":"2025-08-05 20:29:53"}
{"level":"info","message":"🤖 Bot Status - Available: 14, Total: 17, Minimum Required: 10","service":"budzee-gaming","timestamp":"2025-08-05 20:29:53"}
{"level":"info","message":"🤖 Sufficient bots available (14/10)","service":"budzee-gaming","timestamp":"2025-08-05 20:29:53"}
{"level":"info","message":"🔄 Processing fast matchmaking...","service":"budzee-gaming","timestamp":"2025-08-05 20:30:00"}
{"level":"info","message":"🔄 Processing fast matchmaking...","service":"budzee-gaming","timestamp":"2025-08-05 20:30:05"}
{"level":"info","message":"🔄 Processing fast matchmaking...","service":"budzee-gaming","timestamp":"2025-08-05 20:30:10"}
{"level":"info","message":"🔄 Processing fast matchmaking...","service":"budzee-gaming","timestamp":"2025-08-05 20:30:15"}
{"level":"info","message":"🔄 Processing fast matchmaking...","service":"budzee-gaming","timestamp":"2025-08-05 20:30:20"}
{"level":"info","message":"Received SIGINT. Shutting down gracefully...","service":"budzee-gaming","timestamp":"2025-08-05 20:30:20"}
